[debug] [2019-03-19T04:03:24.286Z] ----------------------------------------------------------------------
[debug] [2019-03-19T04:03:24.288Z] Command:       /usr/local/bin/node /usr/local/bin/firebase deploy
[debug] [2019-03-19T04:03:24.288Z] CLI Version:   6.5.0
[debug] [2019-03-19T04:03:24.288Z] Platform:      darwin
[debug] [2019-03-19T04:03:24.288Z] Node Version:  v10.1.0
[debug] [2019-03-19T04:03:24.289Z] Time:          Mon Mar 18 2019 23:03:24 GMT-0500 (CDT)
[debug] [2019-03-19T04:03:24.289Z] ----------------------------------------------------------------------
[debug] 
[debug] [2019-03-19T04:03:24.300Z] > command requires scopes: ["email","openid","https://www.googleapis.com/auth/cloudplatformprojects.readonly","https://www.googleapis.com/auth/firebase","https://www.googleapis.com/auth/cloud-platform"]
[debug] [2019-03-19T04:03:24.300Z] > authorizing via signed-in user
[debug] [2019-03-19T04:03:24.300Z] [iam] checking project mybookrepo-dfe92 for permissions ["firebase.projects.get","firebasehosting.sites.update"]
[debug] [2019-03-19T04:03:24.301Z] > refreshing access token with scopes: ["email","https://www.googleapis.com/auth/cloud-platform","https://www.googleapis.com/auth/cloudplatformprojects.readonly","https://www.googleapis.com/auth/firebase","openid"]
[debug] [2019-03-19T04:03:24.302Z] >>> HTTP REQUEST POST https://www.googleapis.com/oauth2/v3/token  
 <request body omitted>
[debug] [2019-03-19T04:03:24.441Z] <<< HTTP RESPONSE 200
[debug] [2019-03-19T04:03:24.455Z] >>> HTTP REQUEST POST https://cloudresourcemanager.googleapis.com/v1/projects/mybookrepo-dfe92:testIamPermissions  

[debug] [2019-03-19T04:03:24.760Z] <<< HTTP RESPONSE 200
[debug] [2019-03-19T04:03:24.761Z] >>> HTTP REQUEST GET https://firebase.googleapis.com/v1beta1/projects/mybookrepo-dfe92  
 
[debug] [2019-03-19T04:03:24.914Z] <<< HTTP RESPONSE 200
[info] 
[info] === Deploying to 'mybookrepo-dfe92'...
[info] 
[info] i  deploying hosting
[debug] [2019-03-19T04:03:24.919Z] >>> HTTP REQUEST POST https://firebasehosting.googleapis.com/v1beta1/sites/mybookrepo-dfe92/versions  

[debug] [2019-03-19T04:03:26.155Z] <<< HTTP RESPONSE 200
[info] i  hosting[mybookrepo-dfe92]: beginning deploy...
[info] i  hosting[mybookrepo-dfe92]: found 28 files in dist/mybookrepo-client
[debug] [2019-03-19T04:03:26.167Z] [hosting] hash cache [ZGlzdC9teWJvb2tyZXBvLWNsaWVudA] load error: lines is not defined
[debug] [2019-03-19T04:03:26.945Z] [hosting] hash cache [ZGlzdC9teWJvb2tyZXBvLWNsaWVudA] stored for 28 files
[debug] [2019-03-19T04:03:26.946Z] [hosting][hash queue][FINAL]
[debug] [2019-03-19T04:03:26.946Z] >>> HTTP REQUEST POST https://firebasehosting.googleapis.com/v1beta1/sites/mybookrepo-dfe92/versions/884f52e7c584c17d:populateFiles  
 <request body omitted>
[debug] [2019-03-19T04:03:29.533Z] <<< HTTP RESPONSE 200
[debug] [2019-03-19T04:03:29.538Z] [hosting][populate queue][FINAL]
[debug] [2019-03-19T04:03:29.538Z] [hosting] uploads queued: 5
